<?xml version="1.0" encoding="UTF-8"?>
<testsuite xmlns:xsi="http://www.w3.org/2001/XMLSchema-instance" xsi:noNamespaceSchemaLocation="https://maven.apache.org/surefire/maven-surefire-plugin/xsd/surefire-test-report-3.0.xsd" version="3.0" name="com.banquito.core.banking.cliente.ClienteControllerTest" time="1.573" tests="1" errors="0" skipped="0" failures="0">
  <properties>
[...]
</properties>
  <testcase name="obtenerCliente_success" classname="com.banquito.core.banking.cliente.ClienteControllerTest" time="1.566">
    <system-out><![CDATA[2024-03-17T10:49:04.833-05:00  INFO 528 --- [           main] o.s.mock.web.MockServletContext          : Initializing Spring TestDispatcherServlet ''
2024-03-17T10:49:04.834-05:00  INFO 528 --- [           main] o.s.t.web.servlet.TestDispatcherServlet  : Initializing Servlet ''
2024-03-17T10:49:04.844-05:00  INFO 528 --- [           main] o.s.t.web.servlet.TestDispatcherServlet  : Completed initialization in 8 ms
]]></system-out>
  </testcase>
</testsuite>